16:35:51 **** Incremental Build of configuration Debug for project Parcial_1 ****
make all 
Building file: ../src/publicidad.c
Invoking: GCC C Compiler
gcc -O0 -g3 -Wall -c -fmessage-length=0 -MMD -MP -MF"src/publicidad.d" -MT"src/publicidad.o" -o "src/publicidad.o" "../src/publicidad.c"
Finished building: ../src/publicidad.c
 
Building target: Parcial_1
Invoking: GCC C Linker
gcc  -o "Parcial_1"  ./src/Parcial_1.o ./src/calculos.o ./src/cliente.o ./src/informes.o ./src/publicidad.o ./src/utN.o   
Finished building target: Parcial_1
 
16:35:57 **** Incremental Build of configuration Debug for project Parcial_1 ****
make all 
make: No se hace nada para 'all'.
16:38:33 **** Incremental Build of configuration Debug for project Parcial_1 ****
make all 
Building file: ../src/publicidad.c
Invoking: GCC C Compiler
gcc -O0 -g3 -Wall -c -fmessage-length=0 -MMD -MP -MF"src/publicidad.d" -MT"src/publicidad.o" -o "src/publicidad.o" "../src/publicidad.c"
Finished building: ../src/publicidad.c
 
Building target: Parcial_1
Invoking: GCC C Linker
gcc  -o "Parcial_1"  ./src/Parcial_1.o ./src/calculos.o ./src/cliente.o ./src/informes.o ./src/publicidad.o ./src/utN.o   
Finished building target: Parcial_1
 
16:38:38 **** Incremental Build of configuration Debug for project Parcial_1 ****
make all 
make: No se hace nada para 'all'.
16:39:46 **** Incremental Build of configuration Debug for project Parcial_1 ****
make all 
Building file: ../src/publicidad.c
Invoking: GCC C Compiler
gcc -O0 -g3 -Wall -c -fmessage-length=0 -MMD -MP -MF"src/publicidad.d" -MT"src/publicidad.o" -o "src/publicidad.o" "../src/publicidad.c"
Finished building: ../src/publicidad.c
 
Building target: Parcial_1
Invoking: GCC C Linker
gcc  -o "Parcial_1"  ./src/Parcial_1.o ./src/calculos.o ./src/cliente.o ./src/informes.o ./src/publicidad.o ./src/utN.o   
Finished building target: Parcial_1
 
16:39:50 **** Incremental Build of configuration Debug for project Parcial_1 ****
make all 
make: No se hace nada para 'all'.
16:40:37 **** Incremental Build of configuration Debug for project Parcial_1 ****
make all 
Building file: ../src/cliente.c
Invoking: GCC C Compiler
gcc -O0 -g3 -Wall -c -fmessage-length=0 -MMD -MP -MF"src/cliente.d" -MT"src/cliente.o" -o "src/cliente.o" "../src/cliente.c"
../src/cliente.c: In function ‘cli_removeCliente’:
../src/cliente.c:276:6: warning: unused variable ‘modificar’ [-Wunused-variable]
  276 |  int modificar;
      |      ^~~~~~~~~
Finished building: ../src/cliente.c
 
Building file: ../src/publicidad.c
Invoking: GCC C Compiler
gcc -O0 -g3 -Wall -c -fmessage-length=0 -MMD -MP -MF"src/publicidad.d" -MT"src/publicidad.o" -o "src/publicidad.o" "../src/publicidad.c"
Finished building: ../src/publicidad.c
 
Building target: Parcial_1
Invoking: GCC C Linker
gcc  -o "Parcial_1"  ./src/Parcial_1.o ./src/calculos.o ./src/cliente.o ./src/informes.o ./src/publicidad.o ./src/utN.o   
Finished building target: Parcial_1
 
16:40:53 **** Incremental Build of configuration Debug for project Parcial_1 ****
make all 
Building file: ../src/cliente.c
Invoking: GCC C Compiler
gcc -O0 -g3 -Wall -c -fmessage-length=0 -MMD -MP -MF"src/cliente.d" -MT"src/cliente.o" -o "src/cliente.o" "../src/cliente.c"
Finished building: ../src/cliente.c
 
Building target: Parcial_1
Invoking: GCC C Linker
gcc  -o "Parcial_1"  ./src/Parcial_1.o ./src/calculos.o ./src/cliente.o ./src/informes.o ./src/publicidad.o ./src/utN.o   
Finished building target: Parcial_1
 
16:40:57 **** Incremental Build of configuration Debug for project Parcial_1 ****
make all 
make: No se hace nada para 'all'.
